2022-11-17 16:39:32,512 - blackboard - Loaded the data to the blackboard.
2022-11-17 16:39:32,521 - data_structure - 
                                                   desirability_score
(<bound method Robot.follow of <agent_types.rob...                NaN
(<bound method Robot.stay of <agent_types.robot...                NaN
(<bound method Robot.go_to_charge_station of <a...                NaN
2022-11-17 16:39:32,530 - blackboard - Starting tests...
2022-11-17 16:39:32,551 - blackboard - Running Deontology test.
2022-11-17 16:39:32,551 - elder_care_deontology_test - Running ethical_governor.blackboard.ethicaltests.elder_care_deontology_test...
2022-11-17 16:39:32,551 - elder_care_deontology_test - Testing action: <bound method Robot.follow of <agent_types.robot.Robot object at 0x7f27036fbbb0>>
2022-11-17 16:39:32,557 - elder_care_deontology_test - Action (<bound method Robot.follow of <agent_types.robot.Robot object at 0x7f27036fbbb0>>, <agent_types.patient.Patient object at 0x7f27036fbcd0>) : Permissible
2022-11-17 16:39:32,563 - elder_care_deontology_test - Testing action: <bound method Robot.stay of <agent_types.robot.Robot object at 0x7f27036fbbb0>>
2022-11-17 16:39:32,565 - elder_care_deontology_test - Action (<bound method Robot.stay of <agent_types.robot.Robot object at 0x7f27036fbbb0>>,) : Permissible
2022-11-17 16:39:32,567 - elder_care_deontology_test - Testing action: <bound method Robot.go_to_charge_station of <agent_types.robot.Robot object at 0x7f27036fbbb0>>
2022-11-17 16:39:32,567 - elder_care_deontology_test - Action (<bound method Robot.go_to_charge_station of <agent_types.robot.Robot object at 0x7f27036fbbb0>>,) : Not permissible since it broke rules [3]
2022-11-17 16:39:32,567 - elder_care_deontology_test - ethical_governor.blackboard.ethicaltests.elder_care_deontology_test finished.
2022-11-17 16:39:32,589 - blackboard - Blackboard updated with Deontology test results.
2022-11-17 16:39:32,599 - data_structure - 
                                                   desirability_score  \
(<bound method Robot.follow of <agent_types.rob...                NaN   
(<bound method Robot.stay of <agent_types.robot...                NaN   
(<bound method Robot.go_to_charge_station of <a...                NaN   

                                                   is_breaking_rule  \
(<bound method Robot.follow of <agent_types.rob...            False   
(<bound method Robot.stay of <agent_types.robot...            False   
(<bound method Robot.go_to_charge_station of <a...             True   

                                                   breaking_rule_ids  
(<bound method Robot.follow of <agent_types.rob...                []  
(<bound method Robot.stay of <agent_types.robot...                []  
(<bound method Robot.go_to_charge_station of <a...               [3]  
2022-11-17 16:39:32,600 - blackboard - Running Utilitarian test.
2022-11-17 16:39:32,601 - elder_care_utilitarian_test - Running ethical_governor.blackboard.ethicaltests.elder_care_utilitarian_test...
2022-11-17 16:39:32,601 - elder_care_utilitarian_test - Testing action: (<bound method Robot.follow of <agent_types.robot.Robot object at 0x7f27036fbbb0>>, <agent_types.patient.Patient object at 0x7f27036fbcd0>)
2022-11-17 16:39:32,605 - elder_care_utilitarian_test - Calculating autonomy utility for stakeholders
2022-11-17 16:39:32,613 - elder_care_utilitarian_test - Autonomy utilities for action (<bound method Robot.follow of <agent_types.robot.Robot object at 0x7f27036fbbb0>>, <agent_types.patient.Patient object at 0x7f27036fbcd0>): [('follower', 0)]
2022-11-17 16:39:32,615 - elder_care_utilitarian_test - Calculating well-being utility for stakeholders
2022-11-17 16:39:32,617 - elder_care_utilitarian_test - Wellbeing utilities for action (<bound method Robot.follow of <agent_types.robot.Robot object at 0x7f27036fbbb0>>, <agent_types.patient.Patient object at 0x7f27036fbcd0>): [('follower', 1)]
2022-11-17 16:39:32,641 - elder_care_utilitarian_test - Calculating the availability for stakeholders
2022-11-17 16:39:32,641 - elder_care_utilitarian_test - Availability utils for action (<bound method Robot.follow of <agent_types.robot.Robot object at 0x7f27036fbbb0>>, <agent_types.patient.Patient object at 0x7f27036fbcd0>): [('robot', 0.9807072691552063)]
2022-11-17 16:39:32,643 - elder_care_utilitarian_test - Testing action: (<bound method Robot.stay of <agent_types.robot.Robot object at 0x7f27036fbbb0>>,)
2022-11-17 16:39:32,643 - elder_care_utilitarian_test - Calculating autonomy utility for stakeholders
2022-11-17 16:39:32,644 - elder_care_utilitarian_test - Autonomy utilities for action (<bound method Robot.stay of <agent_types.robot.Robot object at 0x7f27036fbbb0>>,): [('follower', 0)]
2022-11-17 16:39:32,644 - elder_care_utilitarian_test - Calculating well-being utility for stakeholders
2022-11-17 16:39:32,647 - elder_care_utilitarian_test - Wellbeing utilities for action (<bound method Robot.stay of <agent_types.robot.Robot object at 0x7f27036fbbb0>>,): [('follower', 1)]
2022-11-17 16:39:32,648 - elder_care_utilitarian_test - Calculating the availability for stakeholders
2022-11-17 16:39:32,648 - elder_care_utilitarian_test - Availability utils for action (<bound method Robot.stay of <agent_types.robot.Robot object at 0x7f27036fbbb0>>,): [('robot', 0.9807072691552063)]
2022-11-17 16:39:32,648 - elder_care_utilitarian_test - Testing action: (<bound method Robot.go_to_charge_station of <agent_types.robot.Robot object at 0x7f27036fbbb0>>,)
2022-11-17 16:39:32,650 - elder_care_utilitarian_test - Calculating autonomy utility for stakeholders
2022-11-17 16:39:32,696 - elder_care_utilitarian_test - Autonomy utilities for action (<bound method Robot.go_to_charge_station of <agent_types.robot.Robot object at 0x7f27036fbbb0>>,): [('follower', 0)]
2022-11-17 16:39:32,699 - elder_care_utilitarian_test - Calculating well-being utility for stakeholders
2022-11-17 16:39:32,820 - elder_care_utilitarian_test - Wellbeing utilities for action (<bound method Robot.go_to_charge_station of <agent_types.robot.Robot object at 0x7f27036fbbb0>>,): [('follower', 1)]
2022-11-17 16:39:32,829 - elder_care_utilitarian_test - Calculating the availability for stakeholders
2022-11-17 16:39:32,835 - elder_care_utilitarian_test - Availability utils for action (<bound method Robot.go_to_charge_station of <agent_types.robot.Robot object at 0x7f27036fbbb0>>,): [('robot', 0.9807072691552063)]
2022-11-17 16:39:32,855 - blackboard - Blackboard updated with Utilitarian test results.
2022-11-17 16:39:32,875 - data_structure - 
                                                   desirability_score  \
(<bound method Robot.follow of <agent_types.rob...                NaN   
(<bound method Robot.stay of <agent_types.robot...                NaN   
(<bound method Robot.go_to_charge_station of <a...                NaN   

                                                   is_breaking_rule  \
(<bound method Robot.follow of <agent_types.rob...            False   
(<bound method Robot.stay of <agent_types.robot...            False   
(<bound method Robot.go_to_charge_station of <a...             True   

                                                   breaking_rule_ids  \
(<bound method Robot.follow of <agent_types.rob...                []   
(<bound method Robot.stay of <agent_types.robot...                []   
(<bound method Robot.go_to_charge_station of <a...               [3]   

                                                   follower_autonomy  \
(<bound method Robot.follow of <agent_types.rob...                 0   
(<bound method Robot.stay of <agent_types.robot...                 0   
(<bound method Robot.go_to_charge_station of <a...                 0   

                                                   follower_wellbeing  \
(<bound method Robot.follow of <agent_types.rob...                  1   
(<bound method Robot.stay of <agent_types.robot...                  1   
(<bound method Robot.go_to_charge_station of <a...                  1   

                                                   robot_availability  
(<bound method Robot.follow of <agent_types.rob...           0.980707  
(<bound method Robot.stay of <agent_types.robot...           0.980707  
(<bound method Robot.go_to_charge_station of <a...           0.980707  
2022-11-17 16:39:32,886 - blackboard - Testing completed.
2022-11-17 16:39:32,886 - blackboard - Calling the final evaluator.
2022-11-17 16:39:32,893 - PSRB_eldercare_evaluator - ethical_governor.blackboard.evaluator.PSRB_eldercare_evaluator started evaluation using the data in the blackboard.
2022-11-17 16:39:47,503 - PSRB_eldercare_evaluator - closest neighbours to the case are: [(1, nan), (2, nan), (3, nan)]
