2022-10-11 15:56:45,978 - blackboard - Loaded the data to the blackboard.
2022-10-11 15:56:46,000 - data_structure - 
                                                   desirability_score
(<bound method Robot.follow of <agent_types.rob...                NaN
(<bound method Robot.stay of <agent_types.robot...                NaN
(<bound method Robot.go_to_charge_station of <a...                NaN
2022-10-11 15:56:46,000 - blackboard - Starting tests...
2022-10-11 15:56:46,000 - blackboard - Running Utilitarian test.
2022-10-11 15:56:46,000 - elder_care_utilitarian_test - Running ethical_governor.blackboard.ethicaltests.elder_care_utilitarian_test...
2022-10-11 15:56:46,000 - elder_care_utilitarian_test - Testing action: (<bound method Robot.follow of <agent_types.robot.Robot object at 0x7f5932fe47c0>>, <agent_types.patient.Patient object at 0x7f5932fe4820>)
2022-10-11 15:56:46,001 - elder_care_utilitarian_test - Calculating autonomy utility for stakeholders
2022-10-11 15:56:46,001 - elder_care_utilitarian_test - Autonomy utilities for action (<bound method Robot.follow of <agent_types.robot.Robot object at 0x7f5932fe47c0>>, <agent_types.patient.Patient object at 0x7f5932fe4820>): [('follower', 0)]
2022-10-11 15:56:46,002 - elder_care_utilitarian_test - Calculating well-being utility for stakeholders
2022-10-11 15:56:46,022 - elder_care_utilitarian_test - Wellbeing utilities for action (<bound method Robot.follow of <agent_types.robot.Robot object at 0x7f5932fe47c0>>, <agent_types.patient.Patient object at 0x7f5932fe4820>): [('follower', 1)]
2022-10-11 15:56:46,022 - elder_care_utilitarian_test - Calculating the availability for stakeholders
2022-10-11 15:56:46,022 - elder_care_utilitarian_test - Availability utils for action (<bound method Robot.follow of <agent_types.robot.Robot object at 0x7f5932fe47c0>>, <agent_types.patient.Patient object at 0x7f5932fe4820>): [('robot', 0.9807072691552063)]
2022-10-11 15:56:46,022 - elder_care_utilitarian_test - Testing action: (<bound method Robot.stay of <agent_types.robot.Robot object at 0x7f5932fe47c0>>,)
2022-10-11 15:56:46,022 - elder_care_utilitarian_test - Calculating autonomy utility for stakeholders
2022-10-11 15:56:46,022 - elder_care_utilitarian_test - Autonomy utilities for action (<bound method Robot.stay of <agent_types.robot.Robot object at 0x7f5932fe47c0>>,): [('follower', 0)]
2022-10-11 15:56:46,023 - elder_care_utilitarian_test - Calculating well-being utility for stakeholders
2022-10-11 15:56:46,023 - elder_care_utilitarian_test - Wellbeing utilities for action (<bound method Robot.stay of <agent_types.robot.Robot object at 0x7f5932fe47c0>>,): [('follower', 1)]
2022-10-11 15:56:46,023 - elder_care_utilitarian_test - Calculating the availability for stakeholders
2022-10-11 15:56:46,023 - elder_care_utilitarian_test - Availability utils for action (<bound method Robot.stay of <agent_types.robot.Robot object at 0x7f5932fe47c0>>,): [('robot', 0.9807072691552063)]
2022-10-11 15:56:46,023 - elder_care_utilitarian_test - Testing action: (<bound method Robot.go_to_charge_station of <agent_types.robot.Robot object at 0x7f5932fe47c0>>,)
2022-10-11 15:56:46,023 - elder_care_utilitarian_test - Calculating autonomy utility for stakeholders
2022-10-11 15:56:46,053 - elder_care_utilitarian_test - Autonomy utilities for action (<bound method Robot.go_to_charge_station of <agent_types.robot.Robot object at 0x7f5932fe47c0>>,): [('follower', 0)]
2022-10-11 15:56:46,054 - elder_care_utilitarian_test - Calculating well-being utility for stakeholders
2022-10-11 15:56:46,086 - elder_care_utilitarian_test - Wellbeing utilities for action (<bound method Robot.go_to_charge_station of <agent_types.robot.Robot object at 0x7f5932fe47c0>>,): [('follower', 1)]
2022-10-11 15:56:46,087 - elder_care_utilitarian_test - Calculating the availability for stakeholders
2022-10-11 15:56:46,087 - elder_care_utilitarian_test - Availability utils for action (<bound method Robot.go_to_charge_station of <agent_types.robot.Robot object at 0x7f5932fe47c0>>,): [('robot', 0.9807072691552063)]
2022-10-11 15:56:46,097 - blackboard - Blackboard updated with Utilitarian test results.
2022-10-11 15:56:46,106 - data_structure - 
                                                   desirability_score  \
(<bound method Robot.follow of <agent_types.rob...                NaN   
(<bound method Robot.stay of <agent_types.robot...                NaN   
(<bound method Robot.go_to_charge_station of <a...                NaN   

                                                   follower_autonomy  \
(<bound method Robot.follow of <agent_types.rob...                 0   
(<bound method Robot.stay of <agent_types.robot...                 0   
(<bound method Robot.go_to_charge_station of <a...                 0   

                                                   follower_wellbeing  \
(<bound method Robot.follow of <agent_types.rob...                  1   
(<bound method Robot.stay of <agent_types.robot...                  1   
(<bound method Robot.go_to_charge_station of <a...                  1   

                                                   robot_availability  
(<bound method Robot.follow of <agent_types.rob...           0.980707  
(<bound method Robot.stay of <agent_types.robot...           0.980707  
(<bound method Robot.go_to_charge_station of <a...           0.980707  
2022-10-11 15:56:46,106 - blackboard - Testing completed.
2022-10-11 15:56:46,106 - blackboard - Calling the final evaluator.
2022-10-11 15:56:46,106 - utilitarian_eldercare_evaluator - ethical_governor.blackboard.evaluator.utilitarian_eldercare_evaluator started evaluation using the data in the blackboard.
2022-10-11 15:56:46,109 - utilitarian_eldercare_evaluator - Other util:0 follower util:0.4951768172888016
2022-10-11 15:56:46,109 - utilitarian_eldercare_evaluator - Desirability of action (<bound method Robot.follow of <agent_types.robot.Robot object at 0x7f5932fe47c0>>, <agent_types.patient.Patient object at 0x7f5932fe4820>) : 0.4951768172888016
2022-10-11 15:56:46,109 - utilitarian_eldercare_evaluator - Other util:0 follower util:0.4951768172888016
2022-10-11 15:56:46,109 - utilitarian_eldercare_evaluator - Desirability of action (<bound method Robot.stay of <agent_types.robot.Robot object at 0x7f5932fe47c0>>,) : 0.4951768172888016
2022-10-11 15:56:46,126 - utilitarian_eldercare_evaluator - Other util:0 follower util:0.4951768172888016
2022-10-11 15:56:46,126 - utilitarian_eldercare_evaluator - Desirability of action (<bound method Robot.go_to_charge_station of <agent_types.robot.Robot object at 0x7f5932fe47c0>>,) : 0.4951768172888016
2022-10-11 15:56:46,126 - blackboard - Evaluation completed.
2022-10-11 15:56:46,131 - data_structure - 
                                                   desirability_score  \
(<bound method Robot.follow of <agent_types.rob...           0.495177   
(<bound method Robot.stay of <agent_types.robot...           0.495177   
(<bound method Robot.go_to_charge_station of <a...           0.495177   

                                                   follower_autonomy  \
(<bound method Robot.follow of <agent_types.rob...                 0   
(<bound method Robot.stay of <agent_types.robot...                 0   
(<bound method Robot.go_to_charge_station of <a...                 0   

                                                   follower_wellbeing  \
(<bound method Robot.follow of <agent_types.rob...                  1   
(<bound method Robot.stay of <agent_types.robot...                  1   
(<bound method Robot.go_to_charge_station of <a...                  1   

                                                   robot_availability  
(<bound method Robot.follow of <agent_types.rob...           0.980707  
(<bound method Robot.stay of <agent_types.robot...           0.980707  
(<bound method Robot.go_to_charge_station of <a...           0.980707  
2022-10-11 15:56:46,137 - blackboard - Recommended actions: [(<bound method Robot.follow of <agent_types.robot.Robot object at 0x7f5932fe47c0>>, <agent_types.patient.Patient object at 0x7f5932fe4820>), (<bound method Robot.stay of <agent_types.robot.Robot object at 0x7f5932fe47c0>>,), (<bound method Robot.go_to_charge_station of <agent_types.robot.Robot object at 0x7f5932fe47c0>>,)]
